<component name="libraryTable">
  <library name="junit" type="repository">
    <properties maven-id="io.micronaut.test:micronaut-test-junit5:3.3.0" />
    <CLASSES>
      <root url="jar://$MAVEN_REPOSITORY$/io/micronaut/test/micronaut-test-junit5/3.3.0/micronaut-test-junit5-3.3.0.jar!/" />
      <root url="jar://$MAVEN_REPOSITORY$/io/micronaut/test/micronaut-test-core/3.3.0/micronaut-test-core-3.3.0.jar!/" />
      <root url="jar://$MAVEN_REPOSITORY$/io/micronaut/micronaut-inject/3.4.4/micronaut-inject-3.4.4.jar!/" />
      <root url="jar://$MAVEN_REPOSITORY$/org/slf4j/slf4j-api/1.7.36/slf4j-api-1.7.36.jar!/" />
      <root url="jar://$MAVEN_REPOSITORY$/javax/annotation/javax.annotation-api/1.3.2/javax.annotation-api-1.3.2.jar!/" />
      <root url="jar://$MAVEN_REPOSITORY$/jakarta/inject/jakarta.inject-api/2.0.1/jakarta.inject-api-2.0.1.jar!/" />
      <root url="jar://$MAVEN_REPOSITORY$/jakarta/annotation/jakarta.annotation-api/2.0.0/jakarta.annotation-api-2.0.0.jar!/" />
      <root url="jar://$MAVEN_REPOSITORY$/io/micronaut/micronaut-core/3.4.4/micronaut-core-3.4.4.jar!/" />
      <root url="jar://$MAVEN_REPOSITORY$/org/yaml/snakeyaml/1.30/snakeyaml-1.30.jar!/" />
      <root url="jar://$MAVEN_REPOSITORY$/org/junit/jupiter/junit-jupiter-api/5.8.2/junit-jupiter-api-5.8.2.jar!/" />
      <root url="jar://$MAVEN_REPOSITORY$/org/opentest4j/opentest4j/1.2.0/opentest4j-1.2.0.jar!/" />
      <root url="jar://$MAVEN_REPOSITORY$/org/junit/platform/junit-platform-commons/1.8.2/junit-platform-commons-1.8.2.jar!/" />
      <root url="jar://$MAVEN_REPOSITORY$/org/apiguardian/apiguardian-api/1.1.2/apiguardian-api-1.1.2.jar!/" />
      <root url="jar://$MAVEN_REPOSITORY$/io/micronaut/micronaut-runtime/3.4.4/micronaut-runtime-3.4.4.jar!/" />
      <root url="jar://$MAVEN_REPOSITORY$/io/micronaut/micronaut-http/3.4.4/micronaut-http-3.4.4.jar!/" />
      <root url="jar://$MAVEN_REPOSITORY$/io/micronaut/micronaut-aop/3.4.4/micronaut-aop-3.4.4.jar!/" />
      <root url="jar://$MAVEN_REPOSITORY$/io/micronaut/micronaut-context/3.4.4/micronaut-context-3.4.4.jar!/" />
      <root url="jar://$MAVEN_REPOSITORY$/io/micronaut/micronaut-core-reactive/3.4.4/micronaut-core-reactive-3.4.4.jar!/" />
      <root url="jar://$MAVEN_REPOSITORY$/org/reactivestreams/reactive-streams/1.0.3/reactive-streams-1.0.3.jar!/" />
      <root url="jar://$MAVEN_REPOSITORY$/io/micronaut/micronaut-jackson-databind/3.4.4/micronaut-jackson-databind-3.4.4.jar!/" />
      <root url="jar://$MAVEN_REPOSITORY$/io/micronaut/micronaut-jackson-core/3.4.4/micronaut-jackson-core-3.4.4.jar!/" />
      <root url="jar://$MAVEN_REPOSITORY$/io/micronaut/micronaut-json-core/3.4.4/micronaut-json-core-3.4.4.jar!/" />
      <root url="jar://$MAVEN_REPOSITORY$/com/fasterxml/jackson/core/jackson-core/2.13.2/jackson-core-2.13.2.jar!/" />
      <root url="jar://$MAVEN_REPOSITORY$/com/fasterxml/jackson/core/jackson-annotations/2.13.2/jackson-annotations-2.13.2.jar!/" />
      <root url="jar://$MAVEN_REPOSITORY$/com/fasterxml/jackson/core/jackson-databind/2.13.2.2/jackson-databind-2.13.2.2.jar!/" />
      <root url="jar://$MAVEN_REPOSITORY$/com/fasterxml/jackson/datatype/jackson-datatype-jdk8/2.13.2/jackson-datatype-jdk8-2.13.2.jar!/" />
      <root url="jar://$MAVEN_REPOSITORY$/com/fasterxml/jackson/datatype/jackson-datatype-jsr310/2.13.2/jackson-datatype-jsr310-2.13.2.jar!/" />
      <root url="jar://$MAVEN_REPOSITORY$/javax/validation/validation-api/2.0.1.Final/validation-api-2.0.1.Final.jar!/" />
      <root url="jar://$MAVEN_REPOSITORY$/io/projectreactor/reactor-core/3.4.18/reactor-core-3.4.18.jar!/" />
    </CLASSES>
    <JAVADOC />
    <SOURCES />
  </library>
</component>